# JRE version: OpenJDK Runtime Environment (17.0.10) (build 17.0.10+0--11572160)
# Java VM: OpenJDK 64-Bit Server VM (17.0.10+0--11572160, mixed mode, tiered, compressed oops, compressed class ptrs, g1 gc, windows-amd64)
GC Precious Log:
 CPUs: 8 total, 8 available
 Memory: 16242M
 Large Page Support: Disabled
 NUMA Support: Disabled
 Compressed Oops: Enabled (32-bit)
 Heap Region Size: 1M
 Heap Min Capacity: 8M
 Heap Initial Capacity: 254M
 Heap Max Capacity: 2G
 Pre-touch: Disabled
 Parallel Workers: 8
 Concurrent Workers: 2
 Concurrent Refinement Workers: 8
 Periodic GC: Disabled
Heap:
 garbage-first heap   total 408576K, used 186709K [0x0000000080000000, 0x0000000100000000)
  region size 1024K, 7 young (7168K), 7 survivors (7168K)
 Metaspace       used 166090K, committed 167872K, reserved 1245184K
  class space    used 21825K, committed 22656K, reserved 1048576K
GC Heap History (20 events):
Event: 4452.141 GC heap after
{Heap after GC invocations=118 (full 0):
 garbage-first heap   total 408576K, used 148790K [0x0000000080000000, 0x0000000100000000)
  region size 1024K, 2 young (2048K), 2 survivors (2048K)
 Metaspace       used 151317K, committed 152960K, reserved 1245184K
  class space    used 20081K, committed 20864K, reserved 1048576K
}
Event: 4452.234 GC heap before
{Heap before GC invocations=118 (full 0):
 garbage-first heap   total 408576K, used 155958K [0x0000000080000000, 0x0000000100000000)
  region size 1024K, 11 young (11264K), 2 survivors (2048K)
 Metaspace       used 152144K, committed 153792K, reserved 1245184K
  class space    used 20193K, committed 20992K, reserved 1048576K
}
Event: 4452.238 GC heap after
{Heap after GC invocations=119 (full 0):
 garbage-first heap   total 408576K, used 147817K [0x0000000080000000, 0x0000000100000000)
  region size 1024K, 1 young (1024K), 1 survivors (1024K)
 Metaspace       used 152144K, committed 153792K, reserved 1245184K
  class space    used 20193K, committed 20992K, reserved 1048576K
}
Event: 4462.136 GC heap before
{Heap before GC invocations=120 (full 0):
 garbage-first heap   total 408576K, used 342377K [0x0000000080000000, 0x0000000100000000)
  region size 1024K, 182 young (186368K), 1 survivors (1024K)
 Metaspace       used 165268K, committed 166976K, reserved 1245184K
  class space    used 21774K, committed 22592K, reserved 1048576K
}
Event: 4462.155 GC heap after
{Heap after GC invocations=121 (full 0):
 garbage-first heap   total 408576K, used 172112K [0x0000000080000000, 0x0000000100000000)
  region size 1024K, 21 young (21504K), 21 survivors (21504K)
 Metaspace       used 165268K, committed 166976K, reserved 1245184K
  class space    used 21774K, committed 22592K, reserved 1048576K
}
Event: 4462.233 GC heap before
{Heap before GC invocations=121 (full 0):
 garbage-first heap   total 408576K, used 173136K [0x0000000080000000, 0x0000000100000000)
  region size 1024K, 22 young (22528K), 21 survivors (21504K)
 Metaspace       used 165288K, committed 166976K, reserved 1245184K
  class space    used 21776K, committed 22592K, reserved 1048576K
}
Event: 4462.249 GC heap after
{Heap after GC invocations=122 (full 0):
 garbage-first heap   total 408576K, used 161050K [0x0000000080000000, 0x0000000100000000)
  region size 1024K, 2 young (2048K), 2 survivors (2048K)
 Metaspace       used 165288K, committed 166976K, reserved 1245184K
  class space    used 21776K, committed 22592K, reserved 1048576K
}
Event: 4462.687 GC heap before
{Heap before GC invocations=122 (full 0):
 garbage-first heap   total 408576K, used 210202K [0x0000000080000000, 0x0000000100000000)
  region size 1024K, 52 young (53248K), 2 survivors (2048K)
 Metaspace       used 165352K, committed 167104K, reserved 1245184K
  class space    used 21787K, committed 22592K, reserved 1048576K
}
Event: 4462.692 GC heap after
{Heap after GC invocations=123 (full 0):
 garbage-first heap   total 408576K, used 163601K [0x0000000080000000, 0x0000000100000000)
  region size 1024K, 4 young (4096K), 4 survivors (4096K)
 Metaspace       used 165352K, committed 167104K, reserved 1245184K
  class space    used 21787K, committed 22592K, reserved 1048576K
}
Event: 4463.820 GC heap before
{Heap before GC invocations=124 (full 0):
 garbage-first heap   total 408576K, used 325393K [0x0000000080000000, 0x0000000100000000)
  region size 1024K, 161 young (164864K), 4 survivors (4096K)
 Metaspace       used 165550K, committed 167232K, reserved 1245184K
  class space    used 21806K, committed 22592K, reserved 1048576K
}
Event: 4463.831 GC heap after
{Heap after GC invocations=125 (full 0):
 garbage-first heap   total 408576K, used 171810K [0x0000000080000000, 0x0000000100000000)
  region size 1024K, 10 young (10240K), 10 survivors (10240K)
 Metaspace       used 165550K, committed 167232K, reserved 1245184K
  class space    used 21806K, committed 22592K, reserved 1048576K
}
Event: 4463.885 GC heap before
{Heap before GC invocations=125 (full 0):
 garbage-first heap   total 408576K, used 180002K [0x0000000080000000, 0x0000000100000000)
  region size 1024K, 19 young (19456K), 10 survivors (10240K)
 Metaspace       used 165551K, committed 167232K, reserved 1245184K
  class space    used 21806K, committed 22592K, reserved 1048576K
}
Event: 4463.900 GC heap after
{Heap after GC invocations=126 (full 0):
 garbage-first heap   total 408576K, used 169128K [0x0000000080000000, 0x0000000100000000)
  region size 1024K, 2 young (2048K), 2 survivors (2048K)
 Metaspace       used 165551K, committed 167232K, reserved 1245184K
  class space    used 21806K, committed 22592K, reserved 1048576K
}
Event: 4464.634 GC heap before
{Heap before GC invocations=126 (full 0):
 garbage-first heap   total 408576K, used 257192K [0x0000000080000000, 0x0000000100000000)
  region size 1024K, 90 young (92160K), 2 survivors (2048K)
 Metaspace       used 165908K, committed 167616K, reserved 1245184K
  class space    used 21817K, committed 22656K, reserved 1048576K
}
Event: 4464.638 GC heap after
{Heap after GC invocations=127 (full 0):
 garbage-first heap   total 408576K, used 168491K [0x0000000080000000, 0x0000000100000000)
  region size 1024K, 2 young (2048K), 2 survivors (2048K)
 Metaspace       used 165908K, committed 167616K, reserved 1245184K
  class space    used 21817K, committed 22656K, reserved 1048576K
}
Event: 4516.987 GC heap before
{Heap before GC invocations=128 (full 0):
 garbage-first heap   total 408576K, used 357931K [0x0000000080000000, 0x0000000100000000)
  region size 1024K, 164 young (167936K), 2 survivors (2048K)
 Metaspace       used 166064K, committed 167808K, reserved 1245184K
  class space    used 21823K, committed 22656K, reserved 1048576K
}
Event: 4517.003 GC heap after
{Heap after GC invocations=129 (full 0):
 garbage-first heap   total 408576K, used 184363K [0x0000000080000000, 0x0000000100000000)
  region size 1024K, 21 young (21504K), 21 survivors (21504K)
 Metaspace       used 166064K, committed 167808K, reserved 1245184K
  class space    used 21823K, committed 22656K, reserved 1048576K
}
Event: 4517.005 GC heap before
{Heap before GC invocations=129 (full 0):
 garbage-first heap   total 408576K, used 185387K [0x0000000080000000, 0x0000000100000000)
  region size 1024K, 22 young (22528K), 21 survivors (21504K)
 Metaspace       used 166064K, committed 167808K, reserved 1245184K
  class space    used 21823K, committed 22656K, reserved 1048576K
}
Event: 4517.025 GC heap after
{Heap after GC invocations=130 (full 0):
 garbage-first heap   total 408576K, used 183086K [0x0000000080000000, 0x0000000100000000)
  region size 1024K, 3 young (3072K), 3 survivors (3072K)
 Metaspace       used 166064K, committed 167808K, reserved 1245184K
  class space    used 21823K, committed 22656K, reserved 1048576K
}
Event: 4517.222 GC heap before
{Heap before GC invocations=130 (full 0):
 garbage-first heap   total 408576K, used 207662K [0x0000000080000000, 0x0000000100000000)
  region size 1024K, 29 young (29696K), 3 survivors (3072K)
 Metaspace       used 166090K, committed 167872K, reserved 1245184K
  class space    used 21825K, committed 22656K, reserved 1048576K
}

